                                                                                                                        
>>>>>>>>>>>>>>>>>>>>>>>>>>>>>>>>>>>>>>>>>>>>>>>>>>>>>>>>>>>>>>>>>>>>>>>>>>>>>>>>>>>>>>>>>>>>>>>>>>>>>>>>>>>>>>>>>>>>>>>>
2024-10-01 23:12:10,712 - INFO - START NSP_OEC_Training_Chapter_8 =============================================
2024-10-01 23:12:10,712 - INFO - START NSP_OEC_Training_Chapter_8 Start Time = 2024-10-01 23:12:10
2024-10-01 23:12:10,712 - INFO - NSP_OEC_Training_Chapter_8 Step 0 - Initialize the configuration file parser
2024-10-01 23:12:10,712 - INFO - Process NSP_OEC_Training_Chapter_8 Step 0 - Initializing and starting Logging Process.
2024-10-01 23:12:10,758 - INFO - PERFORMANCE NSP_OEC_Training_Chapter_8 The total process duration was:0.05
2024-10-01 23:12:10,759 - INFO - PERFORMANCE NSP_OEC_Training_Chapter_8 Stop Time = 2024-10-01 23:12:10
2024-10-01 23:12:10,759 - INFO - PERFORMANCE NSP_OEC_Training_Chapter_8 Short process duration less than 3 Seconds:0.05
2024-10-01 23:12:10,759 - INFO - PERFORMANCE NSP_OEC_Training_Chapter_8 Performance optimization is not reccomended
2024-10-01 23:12:10,759 - INFO - END NSP_OEC_Training_Chapter_8 =============================================

<<<<<<<<<<<<<<<<<<<<<<<<<<<<<<<<<<<<<<<<<<<<<<<<<<<<<<<<<<<<<<<<<<<<<<<<<<<<<<<<<<<<<<<<<<<<<<<<<<<<<<<<<<<<<<<<<<<<<<<<
                                                                                                                        
                                                                                                                        
>>>>>>>>>>>>>>>>>>>>>>>>>>>>>>>>>>>>>>>>>>>>>>>>>>>>>>>>>>>>>>>>>>>>>>>>>>>>>>>>>>>>>>>>>>>>>>>>>>>>>>>>>>>>>>>>>>>>>>>>
2024-10-01 23:12:24,610 - INFO - START NSP_OEC_Training_Chapter_8 =============================================
2024-10-01 23:12:24,610 - INFO - START NSP_OEC_Training_Chapter_8 Start Time = 2024-10-01 23:12:24
2024-10-01 23:12:24,611 - INFO - NSP_OEC_Training_Chapter_8 Step 0 - Initialize the configuration file parser
2024-10-01 23:12:24,611 - INFO - Process NSP_OEC_Training_Chapter_8 Step 0 - Initializing and starting Logging Process.
2024-10-01 23:12:24,656 - INFO - PERFORMANCE NSP_OEC_Training_Chapter_8 The total process duration was:0.05
2024-10-01 23:12:24,656 - INFO - PERFORMANCE NSP_OEC_Training_Chapter_8 Stop Time = 2024-10-01 23:12:24
2024-10-01 23:12:24,656 - INFO - PERFORMANCE NSP_OEC_Training_Chapter_8 Short process duration less than 3 Seconds:0.05
2024-10-01 23:12:24,656 - INFO - PERFORMANCE NSP_OEC_Training_Chapter_8 Performance optimization is not reccomended
2024-10-01 23:12:24,656 - INFO - END NSP_OEC_Training_Chapter_8 =============================================

<<<<<<<<<<<<<<<<<<<<<<<<<<<<<<<<<<<<<<<<<<<<<<<<<<<<<<<<<<<<<<<<<<<<<<<<<<<<<<<<<<<<<<<<<<<<<<<<<<<<<<<<<<<<<<<<<<<<<<<<
                                                                                                                        
